c:\users\esalles\desktop\informaticagrafica\practica1\debug\vc140.pdb
c:\users\esalles\desktop\informaticagrafica\practica1\debug\vc140.idb
c:\users\esalles\desktop\informaticagrafica\practica1\debug\shader.obj
c:\users\esalles\desktop\informaticagrafica\practica1\debug\main.obj
c:\users\esalles\desktop\informaticagrafica\practica1\debug\practica1.ilk
c:\users\esalles\desktop\informaticagrafica\practica1\debug\practica1.exe
c:\users\esalles\desktop\informaticagrafica\practica1\debug\practica1.pdb
c:\users\esalles\desktop\informaticagrafica\practica1_shader\debug\main.obj
c:\users\esalles\desktop\informaticagrafica\practica1_shader\debug\shader.obj
c:\users\esalles\desktop\informaticagrafica\practica1_shader\debug\practica1.ilk
c:\users\esalles\desktop\informaticagrafica\practica1_shader\debug\vc140.idb
c:\users\esalles\desktop\informaticagrafica\practica1_shader\debug\practica1.pdb
c:\users\esalles\desktop\informaticagrafica\practica1_shader\debug\vc140.pdb
c:\users\esalles\desktop\informaticagrafica\practica1_shader\debug\practica1.exe
c:\users\esalles\desktop\informaticagrafica\practica1_shader\debug\practica1.tlog\cl.command.1.tlog
c:\users\esalles\desktop\informaticagrafica\practica1_shader\debug\practica1.tlog\cl.read.1.tlog
c:\users\esalles\desktop\informaticagrafica\practica1_shader\debug\practica1.tlog\cl.write.1.tlog
c:\users\esalles\desktop\informaticagrafica\practica1_shader\debug\practica1.tlog\link.command.1.tlog
c:\users\esalles\desktop\informaticagrafica\practica1_shader\debug\practica1.tlog\link.read.1.tlog
c:\users\esalles\desktop\informaticagrafica\practica1_shader\debug\practica1.tlog\link.write.1.tlog
