  main.cpp
e:\infografica\quadrat_shader\src\main.cpp(130): warning C4244: 'argument': conversion from 'double' to 'GLfloat', possible loss of data
  shader.cpp
  Generating Code...
  LINK : E:\InfoGrafica\Quadrat_Shader\Debug\Practica1.exe not found or not built by the last incremental link; performing full link
LINK : warning LNK4098: defaultlib 'LIBCMT' conflicts with use of other libs; use /NODEFAULTLIB:library
LINK : warning LNK4098: defaultlib 'MSVCRT' conflicts with use of other libs; use /NODEFAULTLIB:library
shader.obj : warning LNK4049: locally defined symbol ___glewAttachShader imported
shader.obj : warning LNK4049: locally defined symbol ___glewCompileShader imported
shader.obj : warning LNK4049: locally defined symbol ___glewCreateProgram imported
shader.obj : warning LNK4049: locally defined symbol ___glewCreateShader imported
shader.obj : warning LNK4049: locally defined symbol ___glewDeleteShader imported
shader.obj : warning LNK4049: locally defined symbol ___glewGetProgramInfoLog imported
shader.obj : warning LNK4049: locally defined symbol ___glewGetProgramiv imported
shader.obj : warning LNK4049: locally defined symbol ___glewGetShaderInfoLog imported
shader.obj : warning LNK4049: locally defined symbol ___glewGetShaderiv imported
shader.obj : warning LNK4049: locally defined symbol ___glewLinkProgram imported
shader.obj : warning LNK4049: locally defined symbol ___glewShaderSource imported
shader.obj : warning LNK4049: locally defined symbol ___glewUseProgram imported
glew32s.lib(glew.obj) : warning LNK4099: PDB 'vc120.pdb' was not found with 'glew32s.lib(glew.obj)' or at 'E:\InfoGrafica\Quadrat_Shader\Debug\vc120.pdb'; linking object as if no debug info
  Proyecto.vcxproj -> E:\InfoGrafica\Quadrat_Shader\Debug\Practica1.exe
  Proyecto.vcxproj -> E:\InfoGrafica\Quadrat_Shader\Debug\Practica1.pdb (Full PDB)
