f:\infografica\practica1\debug\vc140.pdb
f:\infografica\practica1\debug\vc140.idb
f:\infografica\practica1\debug\shader.obj
f:\infografica\practica1\debug\main.obj
c:\users\oinu_\desktop\infografica\practica1\debug\vc140.pdb
c:\users\oinu_\desktop\infografica\practica1\debug\main.obj
c:\users\oinu_\desktop\infografica\practica1\debug\shader.obj
c:\users\oinu_\desktop\infografica\practica1\debug\main.obj.enc
c:\users\oinu_\desktop\infografica\practica1\debug\vc140.idb
c:\users\oinu_\desktop\infografica\practica1\debug\practica1.pdb
c:\users\oinu_\desktop\infografica\practica1\debug\practica1.tlog\cl.command.1.tlog
c:\users\oinu_\desktop\infografica\practica1\debug\practica1.tlog\cl.read.1.tlog
c:\users\oinu_\desktop\infografica\practica1\debug\practica1.tlog\cl.write.1.tlog
c:\users\oinu_\desktop\infografica\practica1\debug\practica1.tlog\link-cvtres.read.1.tlog
c:\users\oinu_\desktop\infografica\practica1\debug\practica1.tlog\link-cvtres.write.1.tlog
c:\users\oinu_\desktop\infografica\practica1\debug\practica1.tlog\link-rc.read.1.tlog
c:\users\oinu_\desktop\infografica\practica1\debug\practica1.tlog\link-rc.write.1.tlog
c:\users\oinu_\desktop\infografica\practica1\debug\practica1.tlog\link.command.1.tlog
c:\users\oinu_\desktop\infografica\practica1\debug\practica1.tlog\link.read.1.tlog
c:\users\oinu_\desktop\infografica\practica1\debug\practica1.tlog\link.write.1.tlog
