  main.cpp
  shader.cpp
  Generating Code...
LINK : warning LNK4098: defaultlib 'LIBCMT' conflicts with use of other libs; use /NODEFAULTLIB:library
LINK : warning LNK4098: defaultlib 'MSVCRT' conflicts with use of other libs; use /NODEFAULTLIB:library
shader.obj : warning LNK4049: locally defined symbol ___glewAttachShader imported
shader.obj : warning LNK4049: locally defined symbol ___glewCompileShader imported
shader.obj : warning LNK4049: locally defined symbol ___glewCreateProgram imported
shader.obj : warning LNK4049: locally defined symbol ___glewCreateShader imported
shader.obj : warning LNK4049: locally defined symbol ___glewDeleteShader imported
shader.obj : warning LNK4049: locally defined symbol ___glewDetachShader imported
shader.obj : warning LNK4049: locally defined symbol ___glewGetProgramInfoLog imported
shader.obj : warning LNK4049: locally defined symbol ___glewGetProgramiv imported
shader.obj : warning LNK4049: locally defined symbol ___glewGetShaderInfoLog imported
shader.obj : warning LNK4049: locally defined symbol ___glewGetShaderiv imported
shader.obj : warning LNK4049: locally defined symbol ___glewLinkProgram imported
shader.obj : warning LNK4049: locally defined symbol ___glewShaderSource imported
glew32s.lib(glew.obj) : warning LNK4099: PDB 'vc120.pdb' was not found with 'glew32s.lib(glew.obj)' or at 'E:\InfoGrafica\Practica1\Debug\vc120.pdb'; linking object as if no debug info
  Proyecto.vcxproj -> E:\InfoGrafica\Practica1\Debug\Practica1.exe
  Proyecto.vcxproj -> E:\InfoGrafica\Practica1\Debug\Practica1.pdb (Full PDB)
