c:\users\esalles\computergraphics\quadrat_textureshader\debug\vc140.pdb
c:\users\esalles\computergraphics\quadrat_textureshader\debug\vc140.idb
c:\users\esalles\computergraphics\quadrat_textureshader\debug\shader.obj
c:\users\esalles\computergraphics\quadrat_textureshader\debug\main.obj
c:\users\esalles\computergraphics\quadrat_transaltions\debug\vc140.pdb
c:\users\esalles\computergraphics\quadrat_transaltions\debug\vc140.idb
c:\users\esalles\computergraphics\quadrat_transaltions\debug\shader.obj
c:\users\esalles\computergraphics\quadrat_transaltions\debug\main.obj
c:\users\esalles\computergraphics\quadrat_textureshader\debug\practica1.ilk
c:\users\esalles\computergraphics\quadrat_textureshader\debug\practica1.exe
c:\users\esalles\computergraphics\quadrat_textureshader\debug\practica1.pdb
c:\users\esalles\computergraphics\quadrat_transaltions\debug\practica1.ilk
c:\users\esalles\computergraphics\quadrat_transaltions\debug\practica1.exe
c:\users\esalles\computergraphics\quadrat_transaltions\debug\practica1.pdb
c:\users\esalles\computergraphics\quadrat_transaltions\debug\practica1.tlog\cl.command.1.tlog
c:\users\esalles\computergraphics\quadrat_transaltions\debug\practica1.tlog\cl.read.1.tlog
c:\users\esalles\computergraphics\quadrat_transaltions\debug\practica1.tlog\cl.write.1.tlog
c:\users\esalles\computergraphics\quadrat_transaltions\debug\practica1.tlog\link.command.1.tlog
c:\users\esalles\computergraphics\quadrat_transaltions\debug\practica1.tlog\link.read.1.tlog
c:\users\esalles\computergraphics\quadrat_transaltions\debug\practica1.tlog\link.write.1.tlog
